Using pre-set license
Built from '2020.3/staging' branch; Version is '2020.3.22f1 (e1a7f79fd887) revision 14788599'; Using compiler version '192528614'; Build Type 'Release'
OS: 'Windows 10 Home; OS build 19043.1348; Version 2009; 64bit' Language: 'en' Physical Memory: 16319 MB
BatchMode: 1, IsHumanControllingUs: 0, StartBugReporterOnCrash: 0, Is64bit: 1, IsPro: 0

COMMAND LINE ARGUMENTS:
C:\Program Files\Unity\Hub\Editor\2020.3.22f1\Editor\Unity.exe
-adb2
-batchMode
-noUpm
-name
AssetImportWorker0
-projectPath
C:/Users/lachl/OneDrive/Documents/Unity games/Excavtion_Site/Excavation Site
-logFile
Logs/AssetImportWorker0.log
-srvPort
62735
Successfully changed project path to: C:/Users/lachl/OneDrive/Documents/Unity games/Excavtion_Site/Excavation Site
C:/Users/lachl/OneDrive/Documents/Unity games/Excavtion_Site/Excavation Site
Using Asset Import Pipeline V2.
Refreshing native plugins compatible for Editor in 49.05 ms, found 3 plugins.
Preloading 0 native plugins for Editor in 0.00 ms.
Initialize engine version: 2020.3.22f1 (e1a7f79fd887)
[Subsystems] Discovering subsystems at path C:/Program Files/Unity/Hub/Editor/2020.3.22f1/Editor/Data/Resources/UnitySubsystems
[Subsystems] Discovering subsystems at path C:/Users/lachl/OneDrive/Documents/Unity games/Excavtion_Site/Excavation Site/Assets
GfxDevice: creating device client; threaded=0
Direct3D:
    Version:  Direct3D 11.0 [level 11.1]
    Renderer: NVIDIA GeForce GTX 1660 (ID=0x2184)
    Vendor:   
    VRAM:     5991 MB
    Driver:   27.21.14.6109
Initialize mono
Mono path[0] = 'C:/Program Files/Unity/Hub/Editor/2020.3.22f1/Editor/Data/Managed'
Mono path[1] = 'C:/Program Files/Unity/Hub/Editor/2020.3.22f1/Editor/Data/MonoBleedingEdge/lib/mono/unityjit'
Mono config path = 'C:/Program Files/Unity/Hub/Editor/2020.3.22f1/Editor/Data/MonoBleedingEdge/etc'
Using monoOptions --debugger-agent=transport=dt_socket,embedding=1,server=y,suspend=n,address=127.0.0.1:56416
Begin MonoManager ReloadAssembly
Registering precompiled unity dll's ...
Register platform support module: C:/Program Files/Unity/Hub/Editor/2020.3.22f1/Editor/Data/PlaybackEngines/WindowsStandaloneSupport/UnityEditor.WindowsStandalone.Extensions.dll
Registered in 0.002202 seconds.
Native extension for WindowsStandalone target not found
Refreshing native plugins compatible for Editor in 49.43 ms, found 3 plugins.
Preloading 0 native plugins for Editor in 0.00 ms.
Mono: successfully reloaded assembly
- Completed reload, in  1.037 seconds
Domain Reload Profiling:
	ReloadAssembly (1037ms)
		BeginReloadAssembly (52ms)
			ExecutionOrderSort (0ms)
			DisableScriptedObjects (0ms)
			BackupInstance (0ms)
			ReleaseScriptingObjects (0ms)
			CreateAndSetChildDomain (1ms)
		EndReloadAssembly (421ms)
			LoadAssemblies (50ms)
			RebuildTransferFunctionScriptingTraits (0ms)
			SetupTypeCache (143ms)
			ReleaseScriptCaches (0ms)
			RebuildScriptCaches (28ms)
			SetupLoadedEditorAssemblies (165ms)
				LogAssemblyErrors (0ms)
				InitializePlatformSupportModulesInManaged (4ms)
				SetLoadedEditorAssemblies (0ms)
				RefreshPlugins (50ms)
				BeforeProcessingInitializeOnLoad (8ms)
				ProcessInitializeOnLoadAttributes (77ms)
				ProcessInitializeOnLoadMethodAttributes (27ms)
				AfterProcessingInitializeOnLoad (0ms)
				EditorAssembliesLoaded (0ms)
			ExecutionOrderSort2 (0ms)
			AwakeInstancesAfterBackupRestoration (0ms)
Platform modules already initialized, skipping
Registering precompiled user dll's ...
Registered in 0.005199 seconds.
Begin MonoManager ReloadAssembly
Native extension for WindowsStandalone target not found
Refreshing native plugins compatible for Editor in 47.04 ms, found 3 plugins.
Preloading 0 native plugins for Editor in 0.00 ms.
Mono: successfully reloaded assembly
- Completed reload, in  1.039 seconds
Domain Reload Profiling:
	ReloadAssembly (1040ms)
		BeginReloadAssembly (135ms)
			ExecutionOrderSort (0ms)
			DisableScriptedObjects (4ms)
			BackupInstance (0ms)
			ReleaseScriptingObjects (0ms)
			CreateAndSetChildDomain (17ms)
		EndReloadAssembly (845ms)
			LoadAssemblies (86ms)
			RebuildTransferFunctionScriptingTraits (0ms)
			SetupTypeCache (284ms)
			ReleaseScriptCaches (0ms)
			RebuildScriptCaches (44ms)
			SetupLoadedEditorAssemblies (322ms)
				LogAssemblyErrors (0ms)
				InitializePlatformSupportModulesInManaged (4ms)
				SetLoadedEditorAssemblies (0ms)
				RefreshPlugins (47ms)
				BeforeProcessingInitializeOnLoad (65ms)
				ProcessInitializeOnLoadAttributes (184ms)
				ProcessInitializeOnLoadMethodAttributes (15ms)
				AfterProcessingInitializeOnLoad (7ms)
				EditorAssembliesLoaded (0ms)
			ExecutionOrderSort2 (0ms)
			AwakeInstancesAfterBackupRestoration (6ms)
Platform modules already initialized, skipping
========================================================================
Worker process is ready to serve import requests
Launched and connected shader compiler UnityShaderCompiler.exe after 0.07 seconds
Refreshing native plugins compatible for Editor in 0.56 ms, found 3 plugins.
Preloading 0 native plugins for Editor in 0.00 ms.
Unloading 2235 Unused Serialized files (Serialized files now loaded: 0)
System memory in use before: 99.8 MB.
System memory in use after: 99.9 MB.

Unloading 28 unused Assets to reduce memory usage. Loaded Objects now: 2672.
Total: 3.200900 ms (FindLiveObjects: 0.183700 ms CreateObjectMapping: 0.085000 ms MarkObjects: 2.865200 ms  DeleteObjects: 0.065900 ms)

AssetImportParameters requested are different than current active one (requested -> active):
  custom:framework-win-MediaFoundation: 216162199b28c13a410421893ffa2e32 -> 
  custom:video-decoder-ogg-theora: a1e56fd34408186e4bbccfd4996cb3dc -> 
  custom:container-muxer-webm: aa71ff27fc2769a1b78a27578f13a17b -> 
  custom:container-demuxer-webm: 4f35f7cbe854078d1ac9338744f61a02 -> 
  custom:container-demuxer-ogg: 62fdf1f143b41e24485cea50d1cbac27 -> 
  custom:video-encoder-webm-vp8: eb34c28f22e8b96e1ab97ce403110664 -> 
  custom:video-decoder-webm-vp8: 9c59270c3fd7afecdb556c50c9e8de78 -> 
  custom:audio-decoder-ogg-vorbis: bf7c407c2cedff20999df2af8eb42d56 -> 
  custom:audio-encoder-webm-vorbis: bf7c407c2cedff20999df2af8eb42d56 -> 
========================================================================
Received Import Request.
  path: Assets/Scripts
  artifactKey: Guid(ed638ee5f240411418155e88e22be40e) Importer(815301076,1909f56bfc062723c751e8b465ee728b)
Start importing Assets/Scripts using Guid(ed638ee5f240411418155e88e22be40e) Importer(815301076,1909f56bfc062723c751e8b465ee728b)  -> (artifact id: '4f596d05ed81cd5584c2da8f234f780d') in 0.009279 seconds 
  Import took 0.012381 seconds .

========================================================================
Received Import Request.
  Time since last request: 16.541561 seconds.
  path: Assets/Scripts/ActivateLevel.cs
  artifactKey: Guid(0cf760979d481a1458eb30e17ad3d328) Importer(815301076,1909f56bfc062723c751e8b465ee728b)
Start importing Assets/Scripts/ActivateLevel.cs using Guid(0cf760979d481a1458eb30e17ad3d328) Importer(815301076,1909f56bfc062723c751e8b465ee728b)  -> (artifact id: 'c02dd4f0be14036d141ada14f71955cf') in 0.029429 seconds 
  Import took 0.032574 seconds .

========================================================================
Received Import Request.
  Time since last request: 22.999517 seconds.
  path: Assets/Sprites/Background and Scenes/Cainos/Pixel Art Top Down - Basic/Texture/TX Tileset Stone Ground.png
  artifactKey: Guid(a07735877a3bd644094331b137b71878) Importer(815301076,1909f56bfc062723c751e8b465ee728b)
Start importing Assets/Sprites/Background and Scenes/Cainos/Pixel Art Top Down - Basic/Texture/TX Tileset Stone Ground.png using Guid(a07735877a3bd644094331b137b71878) Importer(815301076,1909f56bfc062723c751e8b465ee728b)  -> (artifact id: '2d1120ba60e3c44ae48bb967e010a828') in 0.216697 seconds 
  Import took 0.220528 seconds .

========================================================================
Received Import Request.
  Time since last request: 1.992409 seconds.
  path: Assets/Sprites/Background and Scenes/Flat Textures Pack/Textures/Winter_Bush.png
  artifactKey: Guid(3afbbf99dc4ba9847ba9e53b8942903c) Importer(815301076,1909f56bfc062723c751e8b465ee728b)
Start importing Assets/Sprites/Background and Scenes/Flat Textures Pack/Textures/Winter_Bush.png using Guid(3afbbf99dc4ba9847ba9e53b8942903c) Importer(815301076,1909f56bfc062723c751e8b465ee728b)  -> (artifact id: '413954c82ee962c5618c8d9715d8cf9d') in 0.019680 seconds 
  Import took 0.023602 seconds .

========================================================================
Received Import Request.
  Time since last request: 0.000305 seconds.
  path: Assets/Sprites/Background and Scenes/Flat Textures Pack/Textures/Winter_ce_Cracked_B.png
  artifactKey: Guid(aec36e83e2786ac41afbe9372e4e4067) Importer(815301076,1909f56bfc062723c751e8b465ee728b)
Start importing Assets/Sprites/Background and Scenes/Flat Textures Pack/Textures/Winter_ce_Cracked_B.png using Guid(aec36e83e2786ac41afbe9372e4e4067) Importer(815301076,1909f56bfc062723c751e8b465ee728b)  -> (artifact id: '8156142ef3e66be0e5ea4884ca13eef0') in 0.020564 seconds 
  Import took 0.024613 seconds .

========================================================================
Received Import Request.
  Time since last request: 0.000282 seconds.
  path: Assets/Sprites/Background and Scenes/Flat Textures Pack/Textures/Winter_Snow_B.png
  artifactKey: Guid(1a96f8a365e354b408b073050647357f) Importer(815301076,1909f56bfc062723c751e8b465ee728b)
Start importing Assets/Sprites/Background and Scenes/Flat Textures Pack/Textures/Winter_Snow_B.png using Guid(1a96f8a365e354b408b073050647357f) Importer(815301076,1909f56bfc062723c751e8b465ee728b)  -> (artifact id: '2a7d12f539a0843d296d18f279412a5b') in 0.023042 seconds 
  Import took 0.026578 seconds .

========================================================================
Received Import Request.
  Time since last request: 0.231152 seconds.
  path: Assets/Sprites/Background and Scenes/Cainos/Pixel Art Top Down - Basic/Texture/TX Shadow Plant.png
  artifactKey: Guid(8501e10b1eafde34586080ba342fdc0e) Importer(815301076,1909f56bfc062723c751e8b465ee728b)
Start importing Assets/Sprites/Background and Scenes/Cainos/Pixel Art Top Down - Basic/Texture/TX Shadow Plant.png using Guid(8501e10b1eafde34586080ba342fdc0e) Importer(815301076,1909f56bfc062723c751e8b465ee728b)  -> (artifact id: 'c03d359b07220c54a03d59536559a33a') in 0.035321 seconds 
  Import took 0.038573 seconds .

========================================================================
Received Import Request.
  Time since last request: 0.564867 seconds.
  path: Assets/Sprites/Background and Scenes/ButtonPressed.png
  artifactKey: Guid(77e850691e733be408fc043e93200f74) Importer(815301076,1909f56bfc062723c751e8b465ee728b)
Start importing Assets/Sprites/Background and Scenes/ButtonPressed.png using Guid(77e850691e733be408fc043e93200f74) Importer(815301076,1909f56bfc062723c751e8b465ee728b)  -> (artifact id: '0d4079e86ad7c0b4b2fc4ed3dce52b34') in 0.018748 seconds 
  Import took 0.022118 seconds .

========================================================================
Received Import Request.
  Time since last request: 427.532543 seconds.
  path: Assets/Sprites
  artifactKey: Guid(1d9a4f9562851734bb6f022f3147dec5) Importer(815301076,1909f56bfc062723c751e8b465ee728b)
Start importing Assets/Sprites using Guid(1d9a4f9562851734bb6f022f3147dec5) Importer(815301076,1909f56bfc062723c751e8b465ee728b)  -> (artifact id: '3e64ccc18241314d11343cb450d950d5') in 0.006555 seconds 
  Import took 0.011699 seconds .

========================================================================
Received Import Request.
  Time since last request: 1.068248 seconds.
  path: Assets/Sprites/Background and Scenes
  artifactKey: Guid(229c4c0c3c2b3fa4eba87742dfc0be89) Importer(815301076,1909f56bfc062723c751e8b465ee728b)
Start importing Assets/Sprites/Background and Scenes using Guid(229c4c0c3c2b3fa4eba87742dfc0be89) Importer(815301076,1909f56bfc062723c751e8b465ee728b)  -> (artifact id: 'f516e42d89121f38694eae31b691b9a0') in 0.005652 seconds 
  Import took 0.009534 seconds .

========================================================================
Received Import Request.
  Time since last request: 0.042055 seconds.
  path: Assets/Sprites/Background and Scenes/Instructions1.png
  artifactKey: Guid(9c162b1bfb533c44098e4235ac26e8fa) Importer(815301076,1909f56bfc062723c751e8b465ee728b)
Start importing Assets/Sprites/Background and Scenes/Instructions1.png using Guid(9c162b1bfb533c44098e4235ac26e8fa) Importer(815301076,1909f56bfc062723c751e8b465ee728b)  -> (artifact id: 'ff4e7b212864102c0a06b03f2fe3b363') in 0.015578 seconds 
  Import took 0.019321 seconds .

========================================================================
Received Import Request.
  Time since last request: 0.000211 seconds.
  path: Assets/Sprites/Background and Scenes/StartHole.png
  artifactKey: Guid(1876473025d3b034e8df2f1459378656) Importer(815301076,1909f56bfc062723c751e8b465ee728b)
Start importing Assets/Sprites/Background and Scenes/StartHole.png using Guid(1876473025d3b034e8df2f1459378656) Importer(815301076,1909f56bfc062723c751e8b465ee728b)  -> (artifact id: '014c3a25bc569acf572141417d233ec3') in 0.019309 seconds 
  Import took 0.022598 seconds .

========================================================================
Received Import Request.
  Time since last request: 0.000154 seconds.
  path: Assets/Sprites/Background and Scenes/StartHoleSelected (1).png
  artifactKey: Guid(22f34d8a4b37d9d408af828a44357e49) Importer(815301076,1909f56bfc062723c751e8b465ee728b)
Start importing Assets/Sprites/Background and Scenes/StartHoleSelected (1).png using Guid(22f34d8a4b37d9d408af828a44357e49) Importer(815301076,1909f56bfc062723c751e8b465ee728b)  -> (artifact id: '30f9a3996acd97b0e7a01d67f20b520c') in 0.024353 seconds 
  Import took 0.027547 seconds .

AssetImportWorkerClient::OnTransportError - code=2 error=End of file
